
2022-06-05 12:09:22,431 INFO: errors [in /home/martin023/Documents/School projects/fyyur-music/Fyurr-data-modelling-for-the-web/app.py:315]
2022-06-05 12:09:48,803 INFO: errors [in /home/martin023/Documents/School projects/fyyur-music/Fyurr-data-modelling-for-the-web/app.py:315]
2022-06-05 12:10:06,025 INFO: errors [in /home/martin023/Documents/School projects/fyyur-music/Fyurr-data-modelling-for-the-web/app.py:315]
2022-06-05 14:36:17,117 INFO: errors [in /home/martin023/Documents/School projects/fyyur-music/Fyurr-data-modelling-for-the-web/app.py:315]
2022-06-05 14:36:22,763 ERROR: Exception on /venues/create [GET] [in /home/martin023/Documents/School projects/fyyur-music/Fyurr-data-modelling-for-the-web/virtual/lib/python3.10/site-packages/flask/app.py:1891]
Traceback (most recent call last):
  File "/home/martin023/Documents/School projects/fyyur-music/Fyurr-data-modelling-for-the-web/virtual/lib/python3.10/site-packages/flask/app.py", line 2447, in wsgi_app
    response = self.full_dispatch_request()
  File "/home/martin023/Documents/School projects/fyyur-music/Fyurr-data-modelling-for-the-web/virtual/lib/python3.10/site-packages/flask/app.py", line 1952, in full_dispatch_request
    rv = self.handle_user_exception(e)
  File "/home/martin023/Documents/School projects/fyyur-music/Fyurr-data-modelling-for-the-web/virtual/lib/python3.10/site-packages/flask/app.py", line 1821, in handle_user_exception
    reraise(exc_type, exc_value, tb)
  File "/home/martin023/Documents/School projects/fyyur-music/Fyurr-data-modelling-for-the-web/virtual/lib/python3.10/site-packages/flask/_compat.py", line 39, in reraise
    raise value
  File "/home/martin023/Documents/School projects/fyyur-music/Fyurr-data-modelling-for-the-web/virtual/lib/python3.10/site-packages/flask/app.py", line 1950, in full_dispatch_request
    rv = self.dispatch_request()
  File "/home/martin023/Documents/School projects/fyyur-music/Fyurr-data-modelling-for-the-web/virtual/lib/python3.10/site-packages/flask/app.py", line 1936, in dispatch_request
    return self.view_functions[rule.endpoint](**req.view_args)
  File "/home/martin023/Documents/School projects/fyyur-music/Fyurr-data-modelling-for-the-web/app.py", line 87, in create_venue_form
    form = VenueForm()
  File "/home/martin023/Documents/School projects/fyyur-music/Fyurr-data-modelling-for-the-web/virtual/lib/python3.10/site-packages/wtforms/form.py", line 208, in __call__
    return type.__call__(cls, *args, **kwargs)
  File "/home/martin023/Documents/School projects/fyyur-music/Fyurr-data-modelling-for-the-web/virtual/lib/python3.10/site-packages/flask_wtf/form.py", line 157, in __init__
    super(Form, self).__init__(*args, **kwargs)
  File "/home/martin023/Documents/School projects/fyyur-music/Fyurr-data-modelling-for-the-web/virtual/lib/python3.10/site-packages/flask_wtf/form.py", line 87, in __init__
    super(FlaskForm, self).__init__(formdata=formdata, **kwargs)
  File "/home/martin023/Documents/School projects/fyyur-music/Fyurr-data-modelling-for-the-web/virtual/lib/python3.10/site-packages/wtforms/form.py", line 274, in __init__
    self.process(formdata, obj, data=data, **kwargs)
  File "/home/martin023/Documents/School projects/fyyur-music/Fyurr-data-modelling-for-the-web/virtual/lib/python3.10/site-packages/wtforms/form.py", line 131, in process
    field.process(formdata)
  File "/home/martin023/Documents/School projects/fyyur-music/Fyurr-data-modelling-for-the-web/virtual/lib/python3.10/site-packages/wtforms/csrf/core.py", line 43, in process
    self.current_token = self.csrf_impl.generate_csrf_token(self)
  File "/home/martin023/Documents/School projects/fyyur-music/Fyurr-data-modelling-for-the-web/virtual/lib/python3.10/site-packages/flask_wtf/csrf.py", line 139, in generate_csrf_token
    return generate_csrf(
  File "/home/martin023/Documents/School projects/fyyur-music/Fyurr-data-modelling-for-the-web/virtual/lib/python3.10/site-packages/flask_wtf/csrf.py", line 33, in generate_csrf
    secret_key = _get_config(
  File "/home/martin023/Documents/School projects/fyyur-music/Fyurr-data-modelling-for-the-web/virtual/lib/python3.10/site-packages/flask_wtf/csrf.py", line 128, in _get_config
    raise RuntimeError(message)
RuntimeError: A secret key is required to use CSRF.
2022-06-05 14:36:27,701 ERROR: Exception on /venues/create [GET] [in /home/martin023/Documents/School projects/fyyur-music/Fyurr-data-modelling-for-the-web/virtual/lib/python3.10/site-packages/flask/app.py:1891]
Traceback (most recent call last):
  File "/home/martin023/Documents/School projects/fyyur-music/Fyurr-data-modelling-for-the-web/virtual/lib/python3.10/site-packages/flask/app.py", line 2447, in wsgi_app
    response = self.full_dispatch_request()
  File "/home/martin023/Documents/School projects/fyyur-music/Fyurr-data-modelling-for-the-web/virtual/lib/python3.10/site-packages/flask/app.py", line 1952, in full_dispatch_request
    rv = self.handle_user_exception(e)
  File "/home/martin023/Documents/School projects/fyyur-music/Fyurr-data-modelling-for-the-web/virtual/lib/python3.10/site-packages/flask/app.py", line 1821, in handle_user_exception
    reraise(exc_type, exc_value, tb)
  File "/home/martin023/Documents/School projects/fyyur-music/Fyurr-data-modelling-for-the-web/virtual/lib/python3.10/site-packages/flask/_compat.py", line 39, in reraise
    raise value
  File "/home/martin023/Documents/School projects/fyyur-music/Fyurr-data-modelling-for-the-web/virtual/lib/python3.10/site-packages/flask/app.py", line 1950, in full_dispatch_request
    rv = self.dispatch_request()
  File "/home/martin023/Documents/School projects/fyyur-music/Fyurr-data-modelling-for-the-web/virtual/lib/python3.10/site-packages/flask/app.py", line 1936, in dispatch_request
    return self.view_functions[rule.endpoint](**req.view_args)
  File "/home/martin023/Documents/School projects/fyyur-music/Fyurr-data-modelling-for-the-web/app.py", line 87, in create_venue_form
    form = VenueForm()
  File "/home/martin023/Documents/School projects/fyyur-music/Fyurr-data-modelling-for-the-web/virtual/lib/python3.10/site-packages/wtforms/form.py", line 208, in __call__
    return type.__call__(cls, *args, **kwargs)
  File "/home/martin023/Documents/School projects/fyyur-music/Fyurr-data-modelling-for-the-web/virtual/lib/python3.10/site-packages/flask_wtf/form.py", line 157, in __init__
    super(Form, self).__init__(*args, **kwargs)
  File "/home/martin023/Documents/School projects/fyyur-music/Fyurr-data-modelling-for-the-web/virtual/lib/python3.10/site-packages/flask_wtf/form.py", line 87, in __init__
    super(FlaskForm, self).__init__(formdata=formdata, **kwargs)
  File "/home/martin023/Documents/School projects/fyyur-music/Fyurr-data-modelling-for-the-web/virtual/lib/python3.10/site-packages/wtforms/form.py", line 274, in __init__
    self.process(formdata, obj, data=data, **kwargs)
  File "/home/martin023/Documents/School projects/fyyur-music/Fyurr-data-modelling-for-the-web/virtual/lib/python3.10/site-packages/wtforms/form.py", line 131, in process
    field.process(formdata)
  File "/home/martin023/Documents/School projects/fyyur-music/Fyurr-data-modelling-for-the-web/virtual/lib/python3.10/site-packages/wtforms/csrf/core.py", line 43, in process
    self.current_token = self.csrf_impl.generate_csrf_token(self)
  File "/home/martin023/Documents/School projects/fyyur-music/Fyurr-data-modelling-for-the-web/virtual/lib/python3.10/site-packages/flask_wtf/csrf.py", line 139, in generate_csrf_token
    return generate_csrf(
  File "/home/martin023/Documents/School projects/fyyur-music/Fyurr-data-modelling-for-the-web/virtual/lib/python3.10/site-packages/flask_wtf/csrf.py", line 33, in generate_csrf
    secret_key = _get_config(
  File "/home/martin023/Documents/School projects/fyyur-music/Fyurr-data-modelling-for-the-web/virtual/lib/python3.10/site-packages/flask_wtf/csrf.py", line 128, in _get_config
    raise RuntimeError(message)
RuntimeError: A secret key is required to use CSRF.
2022-06-05 14:36:31,008 ERROR: Exception on /shows/create [GET] [in /home/martin023/Documents/School projects/fyyur-music/Fyurr-data-modelling-for-the-web/virtual/lib/python3.10/site-packages/flask/app.py:1891]
Traceback (most recent call last):
  File "/home/martin023/Documents/School projects/fyyur-music/Fyurr-data-modelling-for-the-web/virtual/lib/python3.10/site-packages/flask/app.py", line 2447, in wsgi_app
    response = self.full_dispatch_request()
  File "/home/martin023/Documents/School projects/fyyur-music/Fyurr-data-modelling-for-the-web/virtual/lib/python3.10/site-packages/flask/app.py", line 1952, in full_dispatch_request
    rv = self.handle_user_exception(e)
  File "/home/martin023/Documents/School projects/fyyur-music/Fyurr-data-modelling-for-the-web/virtual/lib/python3.10/site-packages/flask/app.py", line 1821, in handle_user_exception
    reraise(exc_type, exc_value, tb)
  File "/home/martin023/Documents/School projects/fyyur-music/Fyurr-data-modelling-for-the-web/virtual/lib/python3.10/site-packages/flask/_compat.py", line 39, in reraise
    raise value
  File "/home/martin023/Documents/School projects/fyyur-music/Fyurr-data-modelling-for-the-web/virtual/lib/python3.10/site-packages/flask/app.py", line 1950, in full_dispatch_request
    rv = self.dispatch_request()
  File "/home/martin023/Documents/School projects/fyyur-music/Fyurr-data-modelling-for-the-web/virtual/lib/python3.10/site-packages/flask/app.py", line 1936, in dispatch_request
    return self.view_functions[rule.endpoint](**req.view_args)
  File "/home/martin023/Documents/School projects/fyyur-music/Fyurr-data-modelling-for-the-web/app.py", line 255, in create_shows
    form = ShowForm()
  File "/home/martin023/Documents/School projects/fyyur-music/Fyurr-data-modelling-for-the-web/virtual/lib/python3.10/site-packages/wtforms/form.py", line 208, in __call__
    return type.__call__(cls, *args, **kwargs)
  File "/home/martin023/Documents/School projects/fyyur-music/Fyurr-data-modelling-for-the-web/virtual/lib/python3.10/site-packages/flask_wtf/form.py", line 157, in __init__
    super(Form, self).__init__(*args, **kwargs)
  File "/home/martin023/Documents/School projects/fyyur-music/Fyurr-data-modelling-for-the-web/virtual/lib/python3.10/site-packages/flask_wtf/form.py", line 87, in __init__
    super(FlaskForm, self).__init__(formdata=formdata, **kwargs)
  File "/home/martin023/Documents/School projects/fyyur-music/Fyurr-data-modelling-for-the-web/virtual/lib/python3.10/site-packages/wtforms/form.py", line 274, in __init__
    self.process(formdata, obj, data=data, **kwargs)
  File "/home/martin023/Documents/School projects/fyyur-music/Fyurr-data-modelling-for-the-web/virtual/lib/python3.10/site-packages/wtforms/form.py", line 131, in process
    field.process(formdata)
  File "/home/martin023/Documents/School projects/fyyur-music/Fyurr-data-modelling-for-the-web/virtual/lib/python3.10/site-packages/wtforms/csrf/core.py", line 43, in process
    self.current_token = self.csrf_impl.generate_csrf_token(self)
  File "/home/martin023/Documents/School projects/fyyur-music/Fyurr-data-modelling-for-the-web/virtual/lib/python3.10/site-packages/flask_wtf/csrf.py", line 139, in generate_csrf_token
    return generate_csrf(
  File "/home/martin023/Documents/School projects/fyyur-music/Fyurr-data-modelling-for-the-web/virtual/lib/python3.10/site-packages/flask_wtf/csrf.py", line 33, in generate_csrf
    secret_key = _get_config(
  File "/home/martin023/Documents/School projects/fyyur-music/Fyurr-data-modelling-for-the-web/virtual/lib/python3.10/site-packages/flask_wtf/csrf.py", line 128, in _get_config
    raise RuntimeError(message)
RuntimeError: A secret key is required to use CSRF.
2022-06-08 10:55:33,367 INFO: errors [in /home/martin023/Documents/School projects/fyyur-music/Fyurr-data-modelling-for-the-web/app.py:483]
